<?xml version="1.0" encoding="UTF-8"?>
<testsuite xmlns:xsi="http://www.w3.org/2001/XMLSchema-instance" xsi:noNamespaceSchemaLocation="https://maven.apache.org/surefire/maven-surefire-plugin/xsd/surefire-test-report-3.0.xsd" version="3.0" name="TestSuite" time="9.958" tests="4" errors="0" skipped="0" failures="0">
  <properties>
    <property name="java.specification.version" value="17"/>
    <property name="sun.cpu.isalist" value="amd64"/>
    <property name="sun.jnu.encoding" value="Cp1252"/>
    <property name="java.class.path" value="D:\Selenium Pratical\MyRestAssureFramWork\target\test-classes;D:\Selenium Pratical\MyRestAssureFramWork\target\classes;C:\Users\manoj.kumar\.m2\repository\com\github\ralfstuckert\pdfbox-layout\pdfbox2-layout\1.0.1\pdfbox2-layout-1.0.1.jar;C:\Users\manoj.kumar\.m2\repository\org\apache\pdfbox\pdfbox\2.0.4\pdfbox-2.0.4.jar;C:\Users\manoj.kumar\.m2\repository\org\apache\pdfbox\fontbox\2.0.4\fontbox-2.0.4.jar;C:\Users\manoj.kumar\.m2\repository\commons-logging\commons-logging\1.2\commons-logging-1.2.jar;C:\Users\manoj.kumar\.m2\repository\io\rest-assured\rest-assured\5.3.2\rest-assured-5.3.2.jar;C:\Users\manoj.kumar\.m2\repository\org\apache\groovy\groovy\4.0.11\groovy-4.0.11.jar;C:\Users\manoj.kumar\.m2\repository\org\apache\groovy\groovy-xml\4.0.11\groovy-xml-4.0.11.jar;C:\Users\manoj.kumar\.m2\repository\org\apache\httpcomponents\httpclient\4.5.13\httpclient-4.5.13.jar;C:\Users\manoj.kumar\.m2\repository\org\apache\httpcomponents\httpcore\4.4.13\httpcore-4.4.13.jar;C:\Users\manoj.kumar\.m2\repository\org\apache\httpcomponents\httpmime\4.5.13\httpmime-4.5.13.jar;C:\Users\manoj.kumar\.m2\repository\org\hamcrest\hamcrest\2.2\hamcrest-2.2.jar;C:\Users\manoj.kumar\.m2\repository\org\ccil\cowan\tagsoup\tagsoup\1.2.1\tagsoup-1.2.1.jar;C:\Users\manoj.kumar\.m2\repository\io\rest-assured\json-path\5.3.2\json-path-5.3.2.jar;C:\Users\manoj.kumar\.m2\repository\org\apache\groovy\groovy-json\4.0.11\groovy-json-4.0.11.jar;C:\Users\manoj.kumar\.m2\repository\io\rest-assured\rest-assured-common\5.3.2\rest-assured-common-5.3.2.jar;C:\Users\manoj.kumar\.m2\repository\io\rest-assured\xml-path\5.3.2\xml-path-5.3.2.jar;C:\Users\manoj.kumar\.m2\repository\io\cucumber\cucumber-java\6.10.0\cucumber-java-6.10.0.jar;C:\Users\manoj.kumar\.m2\repository\io\cucumber\cucumber-core\6.10.0\cucumber-core-6.10.0.jar;C:\Users\manoj.kumar\.m2\repository\io\cucumber\cucumber-gherkin\6.10.0\cucumber-gherkin-6.10.0.jar;C:\Users\manoj.kumar\.m2\repository\io\cucumber\cucumber-gherkin-messages\6.10.0\cucumber-gherkin-messages-6.10.0.jar;C:\Users\manoj.kumar\.m2\repository\io\cucumber\messages\14.0.1\messages-14.0.1.jar;C:\Users\manoj.kumar\.m2\repository\io\cucumber\tag-expressions\3.0.0\tag-expressions-3.0.0.jar;C:\Users\manoj.kumar\.m2\repository\io\cucumber\cucumber-expressions\10.3.0\cucumber-expressions-10.3.0.jar;C:\Users\manoj.kumar\.m2\repository\io\cucumber\datatable\3.5.0\datatable-3.5.0.jar;C:\Users\manoj.kumar\.m2\repository\io\cucumber\cucumber-plugin\6.10.0\cucumber-plugin-6.10.0.jar;C:\Users\manoj.kumar\.m2\repository\io\cucumber\docstring\6.10.0\docstring-6.10.0.jar;C:\Users\manoj.kumar\.m2\repository\io\cucumber\html-formatter\12.0.0\html-formatter-12.0.0.jar;C:\Users\manoj.kumar\.m2\repository\io\cucumber\create-meta\3.0.0\create-meta-3.0.0.jar;C:\Users\manoj.kumar\.m2\repository\org\apiguardian\apiguardian-api\1.1.1\apiguardian-api-1.1.1.jar;C:\Users\manoj.kumar\.m2\repository\org\testng\testng\7.5.1\testng-7.5.1.jar;C:\Users\manoj.kumar\.m2\repository\com\google\code\findbugs\jsr305\3.0.1\jsr305-3.0.1.jar;C:\Users\manoj.kumar\.m2\repository\com\beust\jcommander\1.78\jcommander-1.78.jar;C:\Users\manoj.kumar\.m2\repository\org\webjars\jquery\3.5.1\jquery-3.5.1.jar;C:\Users\manoj.kumar\.m2\repository\tech\grasshopper\extentreports-cucumber6-adapter\2.6.0\extentreports-cucumber6-adapter-2.6.0.jar;C:\Users\manoj.kumar\.m2\repository\tech\grasshopper\extent-pdf-report\1.5.0\extent-pdf-report-1.5.0.jar;C:\Users\manoj.kumar\.m2\repository\tech\grasshopper\cucumber-pdf-report\1.7.0\cucumber-pdf-report-1.7.0.jar;C:\Users\manoj.kumar\.m2\repository\org\knowm\xchart\xchart\3.6.5\xchart-3.6.5.jar;C:\Users\manoj.kumar\.m2\repository\de\erichseifert\vectorgraphics2d\VectorGraphics2D\0.13\VectorGraphics2D-0.13.jar;C:\Users\manoj.kumar\.m2\repository\de\rototor\pdfbox\graphics2d\0.27\graphics2d-0.27.jar;C:\Users\manoj.kumar\.m2\repository\com\madgag\animated-gif-lib\1.4\animated-gif-lib-1.4.jar;C:\Users\manoj.kumar\.m2\repository\com\github\vandeseer\easytable\0.7.1\easytable-0.7.1.jar;C:\Users\manoj.kumar\.m2\repository\org\yaml\snakeyaml\1.27\snakeyaml-1.27.jar;C:\Users\manoj.kumar\.m2\repository\com\aventstack\klov-reporter\5.0.5\klov-reporter-5.0.5.jar;C:\Users\manoj.kumar\.m2\repository\org\mongodb\bson\3.6.4\bson-3.6.4.jar;C:\Users\manoj.kumar\.m2\repository\org\mongodb\mongodb-driver\3.3.0\mongodb-driver-3.3.0.jar;C:\Users\manoj.kumar\.m2\repository\org\mongodb\mongodb-driver-core\3.3.0\mongodb-driver-core-3.3.0.jar;C:\Users\manoj.kumar\.m2\repository\com\github\javafaker\javafaker\1.0.2\javafaker-1.0.2.jar;C:\Users\manoj.kumar\.m2\repository\org\apache\commons\commons-lang3\3.5\commons-lang3-3.5.jar;C:\Users\manoj.kumar\.m2\repository\org\yaml\snakeyaml\1.23\snakeyaml-1.23-android.jar;C:\Users\manoj.kumar\.m2\repository\com\github\mifmif\generex\1.0.2\generex-1.0.2.jar;C:\Users\manoj.kumar\.m2\repository\dk\brics\automaton\automaton\1.11-8\automaton-1.11-8.jar;C:\Users\manoj.kumar\.m2\repository\io\cucumber\cucumber-junit\6.10.0\cucumber-junit-6.10.0.jar;C:\Users\manoj.kumar\.m2\repository\junit\junit\4.13\junit-4.13.jar;C:\Users\manoj.kumar\.m2\repository\org\hamcrest\hamcrest-core\1.3\hamcrest-core-1.3.jar;C:\Users\manoj.kumar\.m2\repository\com\aventstack\extentreports\5.1.1\extentreports-5.1.1.jar;C:\Users\manoj.kumar\.m2\repository\io\reactivex\rxjava3\rxjava\3.1.6\rxjava-3.1.6.jar;C:\Users\manoj.kumar\.m2\repository\org\reactivestreams\reactive-streams\1.0.4\reactive-streams-1.0.4.jar;C:\Users\manoj.kumar\.m2\repository\org\freemarker\freemarker\2.3.32\freemarker-2.3.32.jar;C:\Users\manoj.kumar\.m2\repository\org\projectlombok\lombok\1.18.26\lombok-1.18.26.jar;C:\Users\manoj.kumar\.m2\repository\com\google\code\gson\gson\2.10.1\gson-2.10.1.jar;C:\Users\manoj.kumar\.m2\repository\com\googlecode\json-simple\json-simple\1.1.1\json-simple-1.1.1.jar;C:\Users\manoj.kumar\.m2\repository\com\fasterxml\jackson\core\jackson-databind\2.15.2\jackson-databind-2.15.2.jar;C:\Users\manoj.kumar\.m2\repository\com\fasterxml\jackson\core\jackson-annotations\2.15.2\jackson-annotations-2.15.2.jar;C:\Users\manoj.kumar\.m2\repository\com\fasterxml\jackson\core\jackson-core\2.15.2\jackson-core-2.15.2.jar;C:\Users\manoj.kumar\.m2\repository\commons-io\commons-io\2.14.0\commons-io-2.14.0.jar;C:\Users\manoj.kumar\.m2\repository\io\rest-assured\json-schema-validator\5.3.2\json-schema-validator-5.3.2.jar;C:\Users\manoj.kumar\.m2\repository\com\github\java-json-tools\json-schema-validator\2.2.14\json-schema-validator-2.2.14.jar;C:\Users\manoj.kumar\.m2\repository\com\github\java-json-tools\jackson-coreutils-equivalence\1.0\jackson-coreutils-equivalence-1.0.jar;C:\Users\manoj.kumar\.m2\repository\com\github\java-json-tools\jackson-coreutils\2.0\jackson-coreutils-2.0.jar;C:\Users\manoj.kumar\.m2\repository\com\github\java-json-tools\msg-simple\1.2\msg-simple-1.2.jar;C:\Users\manoj.kumar\.m2\repository\com\github\java-json-tools\btf\1.3\btf-1.3.jar;C:\Users\manoj.kumar\.m2\repository\com\github\java-json-tools\json-schema-core\1.2.14\json-schema-core-1.2.14.jar;C:\Users\manoj.kumar\.m2\repository\com\github\java-json-tools\uri-template\0.10\uri-template-0.10.jar;C:\Users\manoj.kumar\.m2\repository\org\mozilla\rhino\1.7.7.2\rhino-1.7.7.2.jar;C:\Users\manoj.kumar\.m2\repository\com\sun\mail\mailapi\1.6.2\mailapi-1.6.2.jar;C:\Users\manoj.kumar\.m2\repository\joda-time\joda-time\2.10.5\joda-time-2.10.5.jar;C:\Users\manoj.kumar\.m2\repository\com\googlecode\libphonenumber\libphonenumber\8.11.1\libphonenumber-8.11.1.jar;C:\Users\manoj.kumar\.m2\repository\net\sf\jopt-simple\jopt-simple\5.0.4\jopt-simple-5.0.4.jar;C:\Users\manoj.kumar\.m2\repository\com\google\guava\guava\32.0.1-jre\guava-32.0.1-jre.jar;C:\Users\manoj.kumar\.m2\repository\com\google\guava\failureaccess\1.0.1\failureaccess-1.0.1.jar;C:\Users\manoj.kumar\.m2\repository\com\google\guava\listenablefuture\9999.0-empty-to-avoid-conflict-with-guava\listenablefuture-9999.0-empty-to-avoid-conflict-with-guava.jar;C:\Users\manoj.kumar\.m2\repository\org\checkerframework\checker-qual\3.33.0\checker-qual-3.33.0.jar;C:\Users\manoj.kumar\.m2\repository\com\google\errorprone\error_prone_annotations\2.18.0\error_prone_annotations-2.18.0.jar;C:\Users\manoj.kumar\.m2\repository\com\google\j2objc\j2objc-annotations\2.8\j2objc-annotations-2.8.jar;C:\Users\manoj.kumar\.m2\repository\org\apache\logging\log4j\log4j-slf4j-impl\2.20.0\log4j-slf4j-impl-2.20.0.jar;C:\Users\manoj.kumar\.m2\repository\org\slf4j\slf4j-api\1.7.25\slf4j-api-1.7.25.jar;C:\Users\manoj.kumar\.m2\repository\com\github\ozlerhakan\poiji\4.1.1\poiji-4.1.1.jar;C:\Users\manoj.kumar\.m2\repository\org\apache\poi\poi\5.2.2\poi-5.2.2.jar;C:\Users\manoj.kumar\.m2\repository\commons-codec\commons-codec\1.15\commons-codec-1.15.jar;C:\Users\manoj.kumar\.m2\repository\org\apache\commons\commons-collections4\4.4\commons-collections4-4.4.jar;C:\Users\manoj.kumar\.m2\repository\org\apache\commons\commons-math3\3.6.1\commons-math3-3.6.1.jar;C:\Users\manoj.kumar\.m2\repository\com\zaxxer\SparseBitSet\1.2\SparseBitSet-1.2.jar;C:\Users\manoj.kumar\.m2\repository\org\apache\poi\poi-ooxml\5.2.2\poi-ooxml-5.2.2.jar;C:\Users\manoj.kumar\.m2\repository\org\apache\poi\poi-ooxml-lite\5.2.2\poi-ooxml-lite-5.2.2.jar;C:\Users\manoj.kumar\.m2\repository\org\apache\xmlbeans\xmlbeans\5.0.3\xmlbeans-5.0.3.jar;C:\Users\manoj.kumar\.m2\repository\org\apache\commons\commons-compress\1.21\commons-compress-1.21.jar;C:\Users\manoj.kumar\.m2\repository\com\github\virtuald\curvesapi\1.07\curvesapi-1.07.jar;C:\Users\manoj.kumar\.m2\repository\org\apache\logging\log4j\log4j-api\2.22.0\log4j-api-2.22.0.jar;C:\Users\manoj.kumar\.m2\repository\org\apache\logging\log4j\log4j-core\2.22.0\log4j-core-2.22.0.jar;"/>
    <property name="java.vm.vendor" value="Oracle Corporation"/>
    <property name="sun.arch.data.model" value="64"/>
    <property name="user.variant" value=""/>
    <property name="java.vendor.url" value="https://java.oracle.com/"/>
    <property name="user.timezone" value="Asia/Calcutta"/>
    <property name="os.name" value="Windows 10"/>
    <property name="java.vm.specification.version" value="17"/>
    <property name="sun.java.launcher" value="SUN_STANDARD"/>
    <property name="user.country" value="IN"/>
    <property name="sun.boot.library.path" value="C:\Program Files\Java\jdk-17.0.5\bin"/>
    <property name="sun.java.command" value="C:\Users\manoj.kumar\AppData\Local\Temp\surefire15277685634776962795\surefirebooter-20231123142514477_3.jar C:\Users\manoj.kumar\AppData\Local\Temp\surefire15277685634776962795 2023-11-23T14-25-14_310-jvmRun1 surefire-20231123142514477_1tmp surefire_0-20231123142514477_2tmp"/>
    <property name="jdk.debug" value="release"/>
    <property name="surefire.test.class.path" value="D:\Selenium Pratical\MyRestAssureFramWork\target\test-classes;D:\Selenium Pratical\MyRestAssureFramWork\target\classes;C:\Users\manoj.kumar\.m2\repository\com\github\ralfstuckert\pdfbox-layout\pdfbox2-layout\1.0.1\pdfbox2-layout-1.0.1.jar;C:\Users\manoj.kumar\.m2\repository\org\apache\pdfbox\pdfbox\2.0.4\pdfbox-2.0.4.jar;C:\Users\manoj.kumar\.m2\repository\org\apache\pdfbox\fontbox\2.0.4\fontbox-2.0.4.jar;C:\Users\manoj.kumar\.m2\repository\commons-logging\commons-logging\1.2\commons-logging-1.2.jar;C:\Users\manoj.kumar\.m2\repository\io\rest-assured\rest-assured\5.3.2\rest-assured-5.3.2.jar;C:\Users\manoj.kumar\.m2\repository\org\apache\groovy\groovy\4.0.11\groovy-4.0.11.jar;C:\Users\manoj.kumar\.m2\repository\org\apache\groovy\groovy-xml\4.0.11\groovy-xml-4.0.11.jar;C:\Users\manoj.kumar\.m2\repository\org\apache\httpcomponents\httpclient\4.5.13\httpclient-4.5.13.jar;C:\Users\manoj.kumar\.m2\repository\org\apache\httpcomponents\httpcore\4.4.13\httpcore-4.4.13.jar;C:\Users\manoj.kumar\.m2\repository\org\apache\httpcomponents\httpmime\4.5.13\httpmime-4.5.13.jar;C:\Users\manoj.kumar\.m2\repository\org\hamcrest\hamcrest\2.2\hamcrest-2.2.jar;C:\Users\manoj.kumar\.m2\repository\org\ccil\cowan\tagsoup\tagsoup\1.2.1\tagsoup-1.2.1.jar;C:\Users\manoj.kumar\.m2\repository\io\rest-assured\json-path\5.3.2\json-path-5.3.2.jar;C:\Users\manoj.kumar\.m2\repository\org\apache\groovy\groovy-json\4.0.11\groovy-json-4.0.11.jar;C:\Users\manoj.kumar\.m2\repository\io\rest-assured\rest-assured-common\5.3.2\rest-assured-common-5.3.2.jar;C:\Users\manoj.kumar\.m2\repository\io\rest-assured\xml-path\5.3.2\xml-path-5.3.2.jar;C:\Users\manoj.kumar\.m2\repository\io\cucumber\cucumber-java\6.10.0\cucumber-java-6.10.0.jar;C:\Users\manoj.kumar\.m2\repository\io\cucumber\cucumber-core\6.10.0\cucumber-core-6.10.0.jar;C:\Users\manoj.kumar\.m2\repository\io\cucumber\cucumber-gherkin\6.10.0\cucumber-gherkin-6.10.0.jar;C:\Users\manoj.kumar\.m2\repository\io\cucumber\cucumber-gherkin-messages\6.10.0\cucumber-gherkin-messages-6.10.0.jar;C:\Users\manoj.kumar\.m2\repository\io\cucumber\messages\14.0.1\messages-14.0.1.jar;C:\Users\manoj.kumar\.m2\repository\io\cucumber\tag-expressions\3.0.0\tag-expressions-3.0.0.jar;C:\Users\manoj.kumar\.m2\repository\io\cucumber\cucumber-expressions\10.3.0\cucumber-expressions-10.3.0.jar;C:\Users\manoj.kumar\.m2\repository\io\cucumber\datatable\3.5.0\datatable-3.5.0.jar;C:\Users\manoj.kumar\.m2\repository\io\cucumber\cucumber-plugin\6.10.0\cucumber-plugin-6.10.0.jar;C:\Users\manoj.kumar\.m2\repository\io\cucumber\docstring\6.10.0\docstring-6.10.0.jar;C:\Users\manoj.kumar\.m2\repository\io\cucumber\html-formatter\12.0.0\html-formatter-12.0.0.jar;C:\Users\manoj.kumar\.m2\repository\io\cucumber\create-meta\3.0.0\create-meta-3.0.0.jar;C:\Users\manoj.kumar\.m2\repository\org\apiguardian\apiguardian-api\1.1.1\apiguardian-api-1.1.1.jar;C:\Users\manoj.kumar\.m2\repository\org\testng\testng\7.5.1\testng-7.5.1.jar;C:\Users\manoj.kumar\.m2\repository\com\google\code\findbugs\jsr305\3.0.1\jsr305-3.0.1.jar;C:\Users\manoj.kumar\.m2\repository\com\beust\jcommander\1.78\jcommander-1.78.jar;C:\Users\manoj.kumar\.m2\repository\org\webjars\jquery\3.5.1\jquery-3.5.1.jar;C:\Users\manoj.kumar\.m2\repository\tech\grasshopper\extentreports-cucumber6-adapter\2.6.0\extentreports-cucumber6-adapter-2.6.0.jar;C:\Users\manoj.kumar\.m2\repository\tech\grasshopper\extent-pdf-report\1.5.0\extent-pdf-report-1.5.0.jar;C:\Users\manoj.kumar\.m2\repository\tech\grasshopper\cucumber-pdf-report\1.7.0\cucumber-pdf-report-1.7.0.jar;C:\Users\manoj.kumar\.m2\repository\org\knowm\xchart\xchart\3.6.5\xchart-3.6.5.jar;C:\Users\manoj.kumar\.m2\repository\de\erichseifert\vectorgraphics2d\VectorGraphics2D\0.13\VectorGraphics2D-0.13.jar;C:\Users\manoj.kumar\.m2\repository\de\rototor\pdfbox\graphics2d\0.27\graphics2d-0.27.jar;C:\Users\manoj.kumar\.m2\repository\com\madgag\animated-gif-lib\1.4\animated-gif-lib-1.4.jar;C:\Users\manoj.kumar\.m2\repository\com\github\vandeseer\easytable\0.7.1\easytable-0.7.1.jar;C:\Users\manoj.kumar\.m2\repository\org\yaml\snakeyaml\1.27\snakeyaml-1.27.jar;C:\Users\manoj.kumar\.m2\repository\com\aventstack\klov-reporter\5.0.5\klov-reporter-5.0.5.jar;C:\Users\manoj.kumar\.m2\repository\org\mongodb\bson\3.6.4\bson-3.6.4.jar;C:\Users\manoj.kumar\.m2\repository\org\mongodb\mongodb-driver\3.3.0\mongodb-driver-3.3.0.jar;C:\Users\manoj.kumar\.m2\repository\org\mongodb\mongodb-driver-core\3.3.0\mongodb-driver-core-3.3.0.jar;C:\Users\manoj.kumar\.m2\repository\com\github\javafaker\javafaker\1.0.2\javafaker-1.0.2.jar;C:\Users\manoj.kumar\.m2\repository\org\apache\commons\commons-lang3\3.5\commons-lang3-3.5.jar;C:\Users\manoj.kumar\.m2\repository\org\yaml\snakeyaml\1.23\snakeyaml-1.23-android.jar;C:\Users\manoj.kumar\.m2\repository\com\github\mifmif\generex\1.0.2\generex-1.0.2.jar;C:\Users\manoj.kumar\.m2\repository\dk\brics\automaton\automaton\1.11-8\automaton-1.11-8.jar;C:\Users\manoj.kumar\.m2\repository\io\cucumber\cucumber-junit\6.10.0\cucumber-junit-6.10.0.jar;C:\Users\manoj.kumar\.m2\repository\junit\junit\4.13\junit-4.13.jar;C:\Users\manoj.kumar\.m2\repository\org\hamcrest\hamcrest-core\1.3\hamcrest-core-1.3.jar;C:\Users\manoj.kumar\.m2\repository\com\aventstack\extentreports\5.1.1\extentreports-5.1.1.jar;C:\Users\manoj.kumar\.m2\repository\io\reactivex\rxjava3\rxjava\3.1.6\rxjava-3.1.6.jar;C:\Users\manoj.kumar\.m2\repository\org\reactivestreams\reactive-streams\1.0.4\reactive-streams-1.0.4.jar;C:\Users\manoj.kumar\.m2\repository\org\freemarker\freemarker\2.3.32\freemarker-2.3.32.jar;C:\Users\manoj.kumar\.m2\repository\org\projectlombok\lombok\1.18.26\lombok-1.18.26.jar;C:\Users\manoj.kumar\.m2\repository\com\google\code\gson\gson\2.10.1\gson-2.10.1.jar;C:\Users\manoj.kumar\.m2\repository\com\googlecode\json-simple\json-simple\1.1.1\json-simple-1.1.1.jar;C:\Users\manoj.kumar\.m2\repository\com\fasterxml\jackson\core\jackson-databind\2.15.2\jackson-databind-2.15.2.jar;C:\Users\manoj.kumar\.m2\repository\com\fasterxml\jackson\core\jackson-annotations\2.15.2\jackson-annotations-2.15.2.jar;C:\Users\manoj.kumar\.m2\repository\com\fasterxml\jackson\core\jackson-core\2.15.2\jackson-core-2.15.2.jar;C:\Users\manoj.kumar\.m2\repository\commons-io\commons-io\2.14.0\commons-io-2.14.0.jar;C:\Users\manoj.kumar\.m2\repository\io\rest-assured\json-schema-validator\5.3.2\json-schema-validator-5.3.2.jar;C:\Users\manoj.kumar\.m2\repository\com\github\java-json-tools\json-schema-validator\2.2.14\json-schema-validator-2.2.14.jar;C:\Users\manoj.kumar\.m2\repository\com\github\java-json-tools\jackson-coreutils-equivalence\1.0\jackson-coreutils-equivalence-1.0.jar;C:\Users\manoj.kumar\.m2\repository\com\github\java-json-tools\jackson-coreutils\2.0\jackson-coreutils-2.0.jar;C:\Users\manoj.kumar\.m2\repository\com\github\java-json-tools\msg-simple\1.2\msg-simple-1.2.jar;C:\Users\manoj.kumar\.m2\repository\com\github\java-json-tools\btf\1.3\btf-1.3.jar;C:\Users\manoj.kumar\.m2\repository\com\github\java-json-tools\json-schema-core\1.2.14\json-schema-core-1.2.14.jar;C:\Users\manoj.kumar\.m2\repository\com\github\java-json-tools\uri-template\0.10\uri-template-0.10.jar;C:\Users\manoj.kumar\.m2\repository\org\mozilla\rhino\1.7.7.2\rhino-1.7.7.2.jar;C:\Users\manoj.kumar\.m2\repository\com\sun\mail\mailapi\1.6.2\mailapi-1.6.2.jar;C:\Users\manoj.kumar\.m2\repository\joda-time\joda-time\2.10.5\joda-time-2.10.5.jar;C:\Users\manoj.kumar\.m2\repository\com\googlecode\libphonenumber\libphonenumber\8.11.1\libphonenumber-8.11.1.jar;C:\Users\manoj.kumar\.m2\repository\net\sf\jopt-simple\jopt-simple\5.0.4\jopt-simple-5.0.4.jar;C:\Users\manoj.kumar\.m2\repository\com\google\guava\guava\32.0.1-jre\guava-32.0.1-jre.jar;C:\Users\manoj.kumar\.m2\repository\com\google\guava\failureaccess\1.0.1\failureaccess-1.0.1.jar;C:\Users\manoj.kumar\.m2\repository\com\google\guava\listenablefuture\9999.0-empty-to-avoid-conflict-with-guava\listenablefuture-9999.0-empty-to-avoid-conflict-with-guava.jar;C:\Users\manoj.kumar\.m2\repository\org\checkerframework\checker-qual\3.33.0\checker-qual-3.33.0.jar;C:\Users\manoj.kumar\.m2\repository\com\google\errorprone\error_prone_annotations\2.18.0\error_prone_annotations-2.18.0.jar;C:\Users\manoj.kumar\.m2\repository\com\google\j2objc\j2objc-annotations\2.8\j2objc-annotations-2.8.jar;C:\Users\manoj.kumar\.m2\repository\org\apache\logging\log4j\log4j-slf4j-impl\2.20.0\log4j-slf4j-impl-2.20.0.jar;C:\Users\manoj.kumar\.m2\repository\org\slf4j\slf4j-api\1.7.25\slf4j-api-1.7.25.jar;C:\Users\manoj.kumar\.m2\repository\com\github\ozlerhakan\poiji\4.1.1\poiji-4.1.1.jar;C:\Users\manoj.kumar\.m2\repository\org\apache\poi\poi\5.2.2\poi-5.2.2.jar;C:\Users\manoj.kumar\.m2\repository\commons-codec\commons-codec\1.15\commons-codec-1.15.jar;C:\Users\manoj.kumar\.m2\repository\org\apache\commons\commons-collections4\4.4\commons-collections4-4.4.jar;C:\Users\manoj.kumar\.m2\repository\org\apache\commons\commons-math3\3.6.1\commons-math3-3.6.1.jar;C:\Users\manoj.kumar\.m2\repository\com\zaxxer\SparseBitSet\1.2\SparseBitSet-1.2.jar;C:\Users\manoj.kumar\.m2\repository\org\apache\poi\poi-ooxml\5.2.2\poi-ooxml-5.2.2.jar;C:\Users\manoj.kumar\.m2\repository\org\apache\poi\poi-ooxml-lite\5.2.2\poi-ooxml-lite-5.2.2.jar;C:\Users\manoj.kumar\.m2\repository\org\apache\xmlbeans\xmlbeans\5.0.3\xmlbeans-5.0.3.jar;C:\Users\manoj.kumar\.m2\repository\org\apache\commons\commons-compress\1.21\commons-compress-1.21.jar;C:\Users\manoj.kumar\.m2\repository\com\github\virtuald\curvesapi\1.07\curvesapi-1.07.jar;C:\Users\manoj.kumar\.m2\repository\org\apache\logging\log4j\log4j-api\2.22.0\log4j-api-2.22.0.jar;C:\Users\manoj.kumar\.m2\repository\org\apache\logging\log4j\log4j-core\2.22.0\log4j-core-2.22.0.jar;"/>
    <property name="sun.cpu.endian" value="little"/>
    <property name="user.home" value="C:\Users\manoj.kumar"/>
    <property name="user.language" value="en"/>
    <property name="java.specification.vendor" value="Oracle Corporation"/>
    <property name="java.version.date" value="2022-10-18"/>
    <property name="java.home" value="C:\Program Files\Java\jdk-17.0.5"/>
    <property name="file.separator" value="\"/>
    <property name="basedir" value="D:\Selenium Pratical\MyRestAssureFramWork"/>
    <property name="java.vm.compressedOopsMode" value="32-bit"/>
    <property name="line.separator" value="&#10;"/>
    <property name="java.vm.specification.vendor" value="Oracle Corporation"/>
    <property name="java.specification.name" value="Java Platform API Specification"/>
    <property name="surefire.real.class.path" value="C:\Users\manoj.kumar\AppData\Local\Temp\surefire15277685634776962795\surefirebooter-20231123142514477_3.jar"/>
    <property name="user.script" value=""/>
    <property name="sun.management.compiler" value="HotSpot 64-Bit Tiered Compilers"/>
    <property name="java.runtime.version" value="17.0.5+9-LTS-191"/>
    <property name="user.name" value="manoj.kumar"/>
    <property name="path.separator" value=";"/>
    <property name="os.version" value="10.0"/>
    <property name="java.runtime.name" value="Java(TM) SE Runtime Environment"/>
    <property name="file.encoding" value="Cp1252"/>
    <property name="java.vm.name" value="Java HotSpot(TM) 64-Bit Server VM"/>
    <property name="localRepository" value="C:\Users\manoj.kumar\.m2\repository"/>
    <property name="java.vendor.url.bug" value="https://bugreport.java.com/bugreport/"/>
    <property name="java.io.tmpdir" value="C:\Users\MANOJ~1.KUM\AppData\Local\Temp\"/>
    <property name="java.version" value="17.0.5"/>
    <property name="user.dir" value="D:\Selenium Pratical\MyRestAssureFramWork"/>
    <property name="os.arch" value="amd64"/>
    <property name="java.vm.specification.name" value="Java Virtual Machine Specification"/>
    <property name="sun.os.patch.level" value=""/>
    <property name="native.encoding" value="Cp1252"/>
    <property name="java.library.path" value="C:\Program Files\Java\jdk-17.0.5\bin;C:\Windows\Sun\Java\bin;C:\Windows\system32;C:\Windows;C:\Program Files\Common Files\Oracle\Java\javapath;C:\ProgramData\Oracle\Java\javapath;C:\Windows\system32;C:\Windows;C:\Windows\System32\Wbem;C:\Windows\System32\WindowsPowerShell\v1.0\;C:\Windows\System32\OpenSSH\;C:\Program Files\nodejs\;C:\Program Files\Git\cmd;C:\apache-maven-3.9.5-bin\apache-maven-3.9.5\bin;C:\Users\manoj.kumar\AppData\Local\Microsoft\WindowsApps;C:\Users\manoj.kumar\AppData\Local\GitHubDesktop\bin;."/>
    <property name="java.vm.info" value="mixed mode, sharing"/>
    <property name="java.vendor" value="Oracle Corporation"/>
    <property name="java.vm.version" value="17.0.5+9-LTS-191"/>
    <property name="sun.io.unicode.encoding" value="UnicodeLittle"/>
    <property name="java.class.version" value="61.0"/>
  </properties>
  <testcase name="testPostuser" classname="api.test.UserTests" time="3.311">
    <system-out><![CDATA[repName---Test-report2023-11-23-14-25-15.html
post_UrlEndpoint == https://petstore.swagger.io/v2/user
HTTP/1.1 200 OK
Date: Thu, 23 Nov 2023 08:55:19 GMT
Content-Type: application/json
Transfer-Encoding: chunked
Connection: keep-alive
Access-Control-Allow-Origin: *
Access-Control-Allow-Methods: GET, POST, DELETE, PUT
Access-Control-Allow-Headers: Content-Type, api_key, Authorization
Server: Jetty(9.2.9.v20150224)

{
    "code": 200,
    "type": "unknown",
    "message": "515809288"
}
messageId===========515809288
]]></system-out>
  </testcase>
  <testcase name="testGetuserByName" classname="api.test.UserTests" time="1.192">
    <system-out><![CDATA[HTTP/1.1 200 OK
Date: Thu, 23 Nov 2023 08:55:20 GMT
Content-Type: application/json
Transfer-Encoding: chunked
Connection: keep-alive
Access-Control-Allow-Origin: *
Access-Control-Allow-Methods: GET, POST, DELETE, PUT
Access-Control-Allow-Headers: Content-Type, api_key, Authorization
Server: Jetty(9.2.9.v20150224)

{
    "id": 515809288,
    "username": "willow.hahn",
    "firstName": "Marcos",
    "lastName": "Moen",
    "email": "brandie.collins@example.com",
    "password": "k7dbxq",
    "phone": "(499) 091-0711",
    "userStatus": 0
}
tempId===========515809288
]]></system-out>
  </testcase>
  <testcase name="testUpdateuserByName" classname="api.test.UserTests" time="2.491">
    <system-out><![CDATA[HTTP/1.1 200 OK
Date: Thu, 23 Nov 2023 08:55:22 GMT
Content-Type: application/json
Transfer-Encoding: chunked
Connection: keep-alive
Access-Control-Allow-Origin: *
Access-Control-Allow-Methods: GET, POST, DELETE, PUT
Access-Control-Allow-Headers: Content-Type, api_key, Authorization
Server: Jetty(9.2.9.v20150224)

{
    "code": 200,
    "type": "unknown",
    "message": "515809288"
}
HTTP/1.1 200 OK
Date: Thu, 23 Nov 2023 08:55:23 GMT
Content-Type: application/json
Transfer-Encoding: chunked
Connection: keep-alive
Access-Control-Allow-Origin: *
Access-Control-Allow-Methods: GET, POST, DELETE, PUT
Access-Control-Allow-Headers: Content-Type, api_key, Authorization
Server: Jetty(9.2.9.v20150224)

{
    "id": 515809288,
    "username": "fidel.zieme",
    "firstName": "Brianne",
    "lastName": "Huel",
    "email": "brandie.collins@example.com",
    "password": "k7dbxq",
    "phone": "(499) 091-0711",
    "userStatus": 0
}
]]></system-out>
  </testcase>
  <testcase name="testDeleteuserByName" classname="api.test.UserTests" time="1.165">
    <system-out><![CDATA[HTTP/1.1 200 OK
Date: Thu, 23 Nov 2023 08:55:24 GMT
Content-Type: application/json
Transfer-Encoding: chunked
Connection: keep-alive
Access-Control-Allow-Origin: *
Access-Control-Allow-Methods: GET, POST, DELETE, PUT
Access-Control-Allow-Headers: Content-Type, api_key, Authorization
Server: Jetty(9.2.9.v20150224)

{
    "id": 515809288,
    "username": "fidel.zieme",
    "firstName": "Brianne",
    "lastName": "Huel",
    "email": "brandie.collins@example.com",
    "password": "k7dbxq",
    "phone": "(499) 091-0711",
    "userStatus": 0
}
]]></system-out>
  </testcase>
</testsuite>