<?xml version="1.0" encoding="UTF-8"?>
<!-- Generated by org.testng.reporters.JUnitReportReporter -->
<testsuite hostname="YP1002465LT" failures="0" tests="12" name="api.test.DDTests" time="15.766" errors="0" timestamp="2023-11-09T17:06:04 IST" skipped="0">
  <testcase classname="api.test.DDTests" name="testPostuser" time="1.031"/>
  <system-out/>
  <testcase classname="api.test.DDTests" name="testPostuser" time="1.049"/>
  <system-out/>
  <testcase classname="api.test.DDTests" name="testPostuser" time="1.368"/>
  <system-out/>
  <testcase classname="api.test.DDTests" name="testPostuser" time="1.052"/>
  <system-out/>
  <testcase classname="api.test.DDTests" name="testPostuser" time="3.462"/>
  <system-out/>
  <testcase classname="api.test.DDTests" name="testPostuser" time="1.018"/>
  <system-out/>
  <testcase classname="api.test.DDTests" name="testDeleteUserByName" time="1.075"/>
  <system-out/>
  <testcase classname="api.test.DDTests" name="testDeleteUserByName" time="1.024"/>
  <system-out/>
  <testcase classname="api.test.DDTests" name="testDeleteUserByName" time="1.071"/>
  <system-out/>
  <testcase classname="api.test.DDTests" name="testDeleteUserByName" time="1.018"/>
  <system-out/>
  <testcase classname="api.test.DDTests" name="testDeleteUserByName" time="1.103"/>
  <system-out/>
  <testcase classname="api.test.DDTests" name="testDeleteUserByName" time="1.495"/>
  <system-out/>
</testsuite> <!-- api.test.DDTests -->
