<?xml version="1.0" encoding="UTF-8"?>
<!-- Generated by org.testng.reporters.JUnitReportReporter -->
<testsuite hostname="YP1002465LT" failures="0" tests="4" name="api.test.UserTests" time="7.881" errors="0" timestamp="2023-11-23T13:22:56 IST" skipped="0">
  <testcase classname="api.test.UserTests" name="testPostuser" time="3.440"/>
  <system-out/>
  <testcase classname="api.test.UserTests" name="testGetuserByName" time="1.162"/>
  <system-out/>
  <testcase classname="api.test.UserTests" name="testUpdateuserByName" time="2.157"/>
  <system-out/>
  <testcase classname="api.test.UserTests" name="testDeleteuserByName" time="1.122"/>
  <system-out/>
</testsuite> <!-- api.test.UserTests -->
