<?xml version="1.0" encoding="UTF-8"?>
<!-- Generated by org.testng.reporters.JUnitReportReporter -->
<testsuite hostname="YP1002465LT" failures="0" tests="4" name="api.test.TestUserTests" time="7.173" errors="0" timestamp="2023-11-09T14:47:55 IST" skipped="0">
  <testcase classname="api.test.TestUserTests" name="testPostuser" time="2.833"/>
  <system-out/>
  <testcase classname="api.test.TestUserTests" name="testGetuserByName" time="1.114"/>
  <system-out/>
  <testcase classname="api.test.TestUserTests" name="testUpdateuserByName" time="2.170"/>
  <system-out/>
  <testcase classname="api.test.TestUserTests" name="testDeleteuserByName" time="1.056"/>
  <system-out/>
</testsuite> <!-- api.test.TestUserTests -->
