<?xml version="1.0" encoding="UTF-8"?>
<!-- Generated by org.testng.reporters.JUnitReportReporter -->
<testsuite hostname="YP1002465LT" failures="0" tests="4" name="api.test.UserTests" time="8.165" errors="0" timestamp="2023-11-23T15:31:20 IST" skipped="0">
  <testcase classname="api.test.UserTests" name="testPostuser" time="3.597"/>
  <system-out/>
  <testcase classname="api.test.UserTests" name="testGetuserByName" time="1.169"/>
  <system-out/>
  <testcase classname="api.test.UserTests" name="testUpdateuserByName" time="2.244"/>
  <system-out/>
  <testcase classname="api.test.UserTests" name="testDeleteuserByName" time="1.155"/>
  <system-out/>
</testsuite> <!-- api.test.UserTests -->
